

Started GET "/" for ::1 at 2015-03-27 16:34:12 -0400
  [1m[36mActiveRecord::SchemaMigration Load (23.5ms)[0m  [1mSELECT "schema_migrations".* FROM "schema_migrations"[0m
Processing by UsersController#new as HTML
  [1m[35mUser Load (23.3ms)[0m  SELECT  "users".* FROM "users" WHERE "users"."email" = $1 LIMIT 1  [["email", "rogerximenez@gmail.com"]]
Redirected to http://localhost:3000/users/refer
Filter chain halted as :skip_first_page rendered or redirected
Completed 302 Found in 75ms (ActiveRecord: 40.3ms)


Started GET "/users/refer" for ::1 at 2015-03-27 16:34:13 -0400
Processing by UsersController#refer as HTML
  [1m[36mUser Load (0.2ms)[0m  [1mSELECT  "users".* FROM "users" WHERE "users"."email" = $1 LIMIT 1[0m  [["email", "rogerximenez@gmail.com"]]
  [1m[35m (0.2ms)[0m  SELECT COUNT(*) FROM "users" WHERE "users"."referrer_id" = $1  [["referrer_id", 1]]
  Rendered users/refer.html.erb within layouts/application (17.0ms)
Completed 200 OK in 1333ms (Views: 1331.5ms | ActiveRecord: 0.4ms)


Started GET "/assets/users-64e62ddc273c2f5847f30d698ca14b67.css?body=1" for ::1 at 2015-03-27 16:34:14 -0400


Started GET "/assets/application-5266d2988799ecc8fe6e81eaab412e7d.css?body=1" for ::1 at 2015-03-27 16:34:14 -0400


Started GET "/assets/turbolinks-f87b3583ca50adb0488b031297f5580d.js?body=1" for ::1 at 2015-03-27 16:34:14 -0400


Started GET "/assets/jquery-87424c3c19e96d4fb033c10ebe21ec40.js?body=1" for ::1 at 2015-03-27 16:34:14 -0400


Started GET "/assets/jquery_ujs-e27bd20a10d28155845a22d71ef94f2f.js?body=1" for ::1 at 2015-03-27 16:34:14 -0400


Started GET "/assets/users-fcec5b5a277ac7c20cc9f45a209a3bcd.js?body=1" for ::1 at 2015-03-27 16:34:14 -0400


Started GET "/assets/application-001948a807d6467a657420955d9f0c1c.js?body=1" for ::1 at 2015-03-27 16:34:14 -0400
  [1m[36mActiveRecord::SchemaMigration Load (0.4ms)[0m  [1mSELECT "schema_migrations".* FROM "schema_migrations"[0m
  [1m[35mActiveRecord::SchemaMigration Load (0.2ms)[0m  SELECT "schema_migrations".* FROM "schema_migrations"
  [1m[36m (2.2ms)[0m  [1mSELECT t2.oid::regclass::text AS to_table, a1.attname AS column, a2.attname AS primary_key, c.conname AS name, c.confupdtype AS on_update, c.confdeltype AS on_delete
FROM pg_constraint c
JOIN pg_class t1 ON c.conrelid = t1.oid
JOIN pg_class t2 ON c.confrelid = t2.oid
JOIN pg_attribute a1 ON a1.attnum = c.conkey[1] AND a1.attrelid = t1.oid
JOIN pg_attribute a2 ON a2.attnum = c.confkey[1] AND a2.attrelid = t2.oid
JOIN pg_namespace t3 ON c.connamespace = t3.oid
WHERE c.contype = 'f'
  AND t1.relname = 'users'
  AND t3.nspname = ANY (current_schemas(false))
ORDER BY c.conname
[0m
  [1m[36m (4.8ms)[0m  [1mCREATE TABLE "schema_migrations" ("version" character varying NOT NULL) [0m
  [1m[35m (1.4ms)[0m  CREATE UNIQUE INDEX  "unique_schema_migrations" ON "schema_migrations"  ("version")
  [1m[36mActiveRecord::SchemaMigration Load (2.3ms)[0m  [1mSELECT "schema_migrations".* FROM "schema_migrations"[0m
Migrating to CreateUsers (20150324191541)
  [1m[35m (0.2ms)[0m  BEGIN
  [1m[36m (17.0ms)[0m  [1mCREATE TABLE "users" ("id" serial primary key, "email" character varying, "referral_code" character varying, "referrer_id" integer, "created_at" timestamp NOT NULL, "updated_at" timestamp NOT NULL) [0m
  [1m[35mSQL (0.3ms)[0m  INSERT INTO "schema_migrations" ("version") VALUES ($1)  [["version", "20150324191541"]]
  [1m[36m (5.9ms)[0m  [1mCOMMIT[0m
  [1m[35mActiveRecord::SchemaMigration Load (0.3ms)[0m  SELECT "schema_migrations".* FROM "schema_migrations"
  [1m[36m (2.3ms)[0m  [1mSELECT t2.oid::regclass::text AS to_table, a1.attname AS column, a2.attname AS primary_key, c.conname AS name, c.confupdtype AS on_update, c.confdeltype AS on_delete
FROM pg_constraint c
JOIN pg_class t1 ON c.conrelid = t1.oid
JOIN pg_class t2 ON c.confrelid = t2.oid
JOIN pg_attribute a1 ON a1.attnum = c.conkey[1] AND a1.attrelid = t1.oid
JOIN pg_attribute a2 ON a2.attnum = c.confkey[1] AND a2.attrelid = t2.oid
JOIN pg_namespace t3 ON c.connamespace = t3.oid
WHERE c.contype = 'f'
  AND t1.relname = 'users'
  AND t3.nspname = ANY (current_schemas(false))
ORDER BY c.conname
[0m


Started GET "/" for ::1 at 2015-03-27 16:36:50 -0400
  [1m[36mActiveRecord::SchemaMigration Load (2.9ms)[0m  [1mSELECT "schema_migrations".* FROM "schema_migrations"[0m
Processing by UsersController#new as HTML
  [1m[35mUser Load (1.9ms)[0m  SELECT  "users".* FROM "users" WHERE "users"."email" = $1 LIMIT 1  [["email", "rogerximenez@gmail.com"]]
  Rendered users/new.html.erb within layouts/application (22.1ms)
Completed 200 OK in 150ms (Views: 120.4ms | ActiveRecord: 5.4ms)


Started GET "/assets/application-5266d2988799ecc8fe6e81eaab412e7d.css?body=1" for ::1 at 2015-03-27 16:36:50 -0400


Started GET "/assets/users-64e62ddc273c2f5847f30d698ca14b67.css?body=1" for ::1 at 2015-03-27 16:36:50 -0400


Started GET "/assets/jquery-87424c3c19e96d4fb033c10ebe21ec40.js?body=1" for ::1 at 2015-03-27 16:36:50 -0400


Started GET "/assets/users-fcec5b5a277ac7c20cc9f45a209a3bcd.js?body=1" for ::1 at 2015-03-27 16:36:50 -0400


Started GET "/assets/jquery_ujs-e27bd20a10d28155845a22d71ef94f2f.js?body=1" for ::1 at 2015-03-27 16:36:50 -0400


Started GET "/assets/turbolinks-f87b3583ca50adb0488b031297f5580d.js?body=1" for ::1 at 2015-03-27 16:36:50 -0400


Started GET "/assets/application-001948a807d6467a657420955d9f0c1c.js?body=1" for ::1 at 2015-03-27 16:36:50 -0400


Started POST "/users" for ::1 at 2015-03-27 16:37:09 -0400
Processing by UsersController#create as HTML
  Parameters: {"utf8"=>"✓", "authenticity_token"=>"NqvUoEF6wsJVwWgcr+JR6urI2UWVqqiS/4uAnkLTdAPABTzh1B44R8X8NSkdNoJEWUDwE2ZD4m6MOOL2Lt+Zmw==", "user"=>{"email"=>"charles.d.michaels@gmail.com"}, "commit"=>"REFERABLE"}
  [1m[36mUser Load (0.2ms)[0m  [1mSELECT  "users".* FROM "users" WHERE "users"."email" = $1 LIMIT 1[0m  [["email", "charles.d.michaels@gmail.com"]]
  [1m[35mUser Load (0.2ms)[0m  SELECT  "users".* FROM "users" WHERE "users"."referral_code" IS NULL LIMIT 1
  [1m[36m (0.1ms)[0m  [1mBEGIN[0m
  [1m[35mUser Exists (0.4ms)[0m  SELECT  1 AS one FROM "users" WHERE "users"."email" = 'charles.d.michaels@gmail.com' LIMIT 1
  [1m[36mUser Exists (1.5ms)[0m  [1mSELECT  1 AS one FROM "users" WHERE "users"."referral_code" IS NULL LIMIT 1[0m
  [1m[35mUser Load (0.2ms)[0m  SELECT  "users".* FROM "users" WHERE "users"."referral_code" = $1 LIMIT 1  [["referral_code", "02be9e703c"]]
  [1m[36mSQL (0.4ms)[0m  [1mINSERT INTO "users" ("email", "created_at", "updated_at", "referral_code") VALUES ($1, $2, $3, $4) RETURNING "id"[0m  [["email", "charles.d.michaels@gmail.com"], ["created_at", "2015-03-27 20:37:09.886317"], ["updated_at", "2015-03-27 20:37:09.886317"], ["referral_code", "02be9e703c"]]
  [1m[35m (7.7ms)[0m  COMMIT
  Rendered user_mailer/signup_email.html.erb (0.5ms)
  Rendered user_mailer/signup_email.text.erb (0.5ms)

UserMailer#signup_email: processed outbound mail in 186.7ms

Sent mail to charles.d.michaels@gmail.com (47.7ms)
Date: Fri, 27 Mar 2015 16:37:10 -0400
From: Referable <no-reply@referable.com>
To: charles.d.michaels@gmail.com
Message-ID: <5515bf76186e4_f76a3fc3b45f56b0290a0@WLRN-MACBOOK-PRO-012.local.mail>
Subject: Thanks for signing up!
Mime-Version: 1.0
Content-Type: multipart/alternative;
 boundary="--==_mimepart_5515bf76163a6_f76a3fc3b45f56b0289a3";
 charset=UTF-8
Content-Transfer-Encoding: 7bit


----==_mimepart_5515bf76163a6_f76a3fc3b45f56b0289a3
Content-Type: text/plain;
 charset=UTF-8
Content-Transfer-Encoding: 7bit

Welcome to REFERABLE, charles.d.michaels@gmail.com
===============================================
 
Share this link: 

http://localhost:3000/?ref=02be9e703c.
 
Thanks for joining and have a great day!
----==_mimepart_5515bf76163a6_f76a3fc3b45f56b0289a3
Content-Type: text/html;
 charset=UTF-8
Content-Transfer-Encoding: 7bit

<!DOCTYPE html>
<html>
  <head>
    <meta content='text/html; charset=UTF-8' http-equiv='Content-Type' />
  </head>
  <body>
    <h1>Welcome to REFERABLE, charles.d.michaels@gmail.com</h1>
    
    <p>
      Share this link: http://localhost:3000/?ref=02be9e703c.
    </p>
    <p>Thanks for joining and have a great day!</p>
  </body>
</html>
----==_mimepart_5515bf76163a6_f76a3fc3b45f56b0289a3--

Redirected to http://localhost:3000/users/refer
Completed 302 Found in 271ms (ActiveRecord: 10.7ms)


Started GET "/users/refer" for ::1 at 2015-03-27 16:37:10 -0400
Processing by UsersController#refer as HTML
  [1m[36mUser Load (0.3ms)[0m  [1mSELECT  "users".* FROM "users" WHERE "users"."email" = $1 LIMIT 1[0m  [["email", "charles.d.michaels@gmail.com"]]
  [1m[35m (0.3ms)[0m  SELECT COUNT(*) FROM "users" WHERE "users"."referrer_id" = $1  [["referrer_id", 1]]
  Rendered users/refer.html.erb within layouts/application (24.0ms)
Completed 200 OK in 79ms (Views: 76.4ms | ActiveRecord: 0.6ms)


Started GET "/assets/users-64e62ddc273c2f5847f30d698ca14b67.css?body=1" for ::1 at 2015-03-27 16:37:10 -0400


Started GET "/assets/application-5266d2988799ecc8fe6e81eaab412e7d.css?body=1" for ::1 at 2015-03-27 16:37:10 -0400


Started GET "/assets/turbolinks-f87b3583ca50adb0488b031297f5580d.js?body=1" for ::1 at 2015-03-27 16:37:10 -0400


Started GET "/assets/users-fcec5b5a277ac7c20cc9f45a209a3bcd.js?body=1" for ::1 at 2015-03-27 16:37:10 -0400


Started GET "/assets/jquery-87424c3c19e96d4fb033c10ebe21ec40.js?body=1" for ::1 at 2015-03-27 16:37:10 -0400


Started GET "/assets/jquery_ujs-e27bd20a10d28155845a22d71ef94f2f.js?body=1" for ::1 at 2015-03-27 16:37:10 -0400


Started GET "/assets/application-001948a807d6467a657420955d9f0c1c.js?body=1" for ::1 at 2015-03-27 16:37:10 -0400
  [1m[36m (14.3ms)[0m  [1mCREATE TABLE "schema_migrations" ("version" character varying NOT NULL) [0m
  [1m[35m (12.9ms)[0m  CREATE UNIQUE INDEX  "unique_schema_migrations" ON "schema_migrations"  ("version")
  [1m[36mActiveRecord::SchemaMigration Load (2.4ms)[0m  [1mSELECT "schema_migrations".* FROM "schema_migrations"[0m
Migrating to CreateUsers (20150324191541)
  [1m[35m (0.2ms)[0m  BEGIN
  [1m[36m (16.7ms)[0m  [1mCREATE TABLE "users" ("id" serial primary key, "email" character varying, "referral_code" character varying, "referrer_id" integer, "created_at" timestamp NOT NULL, "updated_at" timestamp NOT NULL) [0m
  [1m[35mSQL (0.4ms)[0m  INSERT INTO "schema_migrations" ("version") VALUES ($1)  [["version", "20150324191541"]]
  [1m[36m (6.4ms)[0m  [1mCOMMIT[0m
  [1m[35mActiveRecord::SchemaMigration Load (0.2ms)[0m  SELECT "schema_migrations".* FROM "schema_migrations"
  [1m[36m (2.1ms)[0m  [1mSELECT t2.oid::regclass::text AS to_table, a1.attname AS column, a2.attname AS primary_key, c.conname AS name, c.confupdtype AS on_update, c.confdeltype AS on_delete
FROM pg_constraint c
JOIN pg_class t1 ON c.conrelid = t1.oid
JOIN pg_class t2 ON c.confrelid = t2.oid
JOIN pg_attribute a1 ON a1.attnum = c.conkey[1] AND a1.attrelid = t1.oid
JOIN pg_attribute a2 ON a2.attnum = c.confkey[1] AND a2.attrelid = t2.oid
JOIN pg_namespace t3 ON c.connamespace = t3.oid
WHERE c.contype = 'f'
  AND t1.relname = 'users'
  AND t3.nspname = ANY (current_schemas(false))
ORDER BY c.conname
[0m
  [1m[36mUser Load (8.3ms)[0m  [1mSELECT "users".* FROM "users"[0m
  [1m[36m (8.6ms)[0m  [1mCREATE TABLE "schema_migrations" ("version" character varying NOT NULL) [0m
  [1m[35m (1.4ms)[0m  CREATE UNIQUE INDEX  "unique_schema_migrations" ON "schema_migrations"  ("version")
  [1m[36mActiveRecord::SchemaMigration Load (2.2ms)[0m  [1mSELECT "schema_migrations".* FROM "schema_migrations"[0m
Migrating to CreateUsers (20150324191541)
  [1m[35m (0.2ms)[0m  BEGIN
  [1m[36m (16.8ms)[0m  [1mCREATE TABLE "users" ("id" serial primary key, "email" character varying, "referral_code" character varying, "referrer_id" integer, "created_at" timestamp NOT NULL, "updated_at" timestamp NOT NULL) [0m
  [1m[35mSQL (0.3ms)[0m  INSERT INTO "schema_migrations" ("version") VALUES ($1)  [["version", "20150324191541"]]
  [1m[36m (5.8ms)[0m  [1mCOMMIT[0m
  [1m[35mActiveRecord::SchemaMigration Load (0.2ms)[0m  SELECT "schema_migrations".* FROM "schema_migrations"
  [1m[36m (2.5ms)[0m  [1mSELECT t2.oid::regclass::text AS to_table, a1.attname AS column, a2.attname AS primary_key, c.conname AS name, c.confupdtype AS on_update, c.confdeltype AS on_delete
FROM pg_constraint c
JOIN pg_class t1 ON c.conrelid = t1.oid
JOIN pg_class t2 ON c.confrelid = t2.oid
JOIN pg_attribute a1 ON a1.attnum = c.conkey[1] AND a1.attrelid = t1.oid
JOIN pg_attribute a2 ON a2.attnum = c.confkey[1] AND a2.attrelid = t2.oid
JOIN pg_namespace t3 ON c.connamespace = t3.oid
WHERE c.contype = 'f'
  AND t1.relname = 'users'
  AND t3.nspname = ANY (current_schemas(false))
ORDER BY c.conname
[0m


Started GET "/" for ::1 at 2015-03-27 20:51:03 -0400
  [1m[36mActiveRecord::SchemaMigration Load (28.7ms)[0m  [1mSELECT "schema_migrations".* FROM "schema_migrations"[0m
Processing by UsersController#new as HTML
  [1m[35mUser Load (11.6ms)[0m  SELECT  "users".* FROM "users" WHERE "users"."email" = $1 LIMIT 1  [["email", "charles.d.michaels@gmail.com"]]
  Rendered users/new.html.erb within layouts/application (22.3ms)
Completed 200 OK in 427ms (Views: 363.9ms | ActiveRecord: 19.0ms)


Started GET "/assets/users-64e62ddc273c2f5847f30d698ca14b67.css?body=1" for ::1 at 2015-03-27 20:51:04 -0400


Started GET "/assets/jquery-87424c3c19e96d4fb033c10ebe21ec40.js?body=1" for ::1 at 2015-03-27 20:51:04 -0400


Started GET "/assets/application-5266d2988799ecc8fe6e81eaab412e7d.css?body=1" for ::1 at 2015-03-27 20:51:04 -0400


Started GET "/assets/turbolinks-f87b3583ca50adb0488b031297f5580d.js?body=1" for ::1 at 2015-03-27 20:51:04 -0400


Started GET "/assets/jquery_ujs-e27bd20a10d28155845a22d71ef94f2f.js?body=1" for ::1 at 2015-03-27 20:51:04 -0400


Started GET "/assets/users-fcec5b5a277ac7c20cc9f45a209a3bcd.js?body=1" for ::1 at 2015-03-27 20:51:04 -0400


Started GET "/assets/application-001948a807d6467a657420955d9f0c1c.js?body=1" for ::1 at 2015-03-27 20:51:04 -0400
  [1m[36mUser Load (1.0ms)[0m  [1mSELECT "users".* FROM "users"[0m


Started POST "/users" for ::1 at 2015-03-27 20:51:39 -0400
Processing by UsersController#create as HTML
  Parameters: {"utf8"=>"✓", "authenticity_token"=>"2S4vgJdAV9+4uyqw1d6gGJPgnPAjSbp8BDH9EInNQngvgMfBAiStWiiGd4VnCnO2IGi1ptCg8IB3gp945cGv4A==", "user"=>{"email"=>"charles.d.michaels@gmail.com"}, "commit"=>"REFERABLE"}
  [1m[36mUser Load (0.2ms)[0m  [1mSELECT  "users".* FROM "users" WHERE "users"."email" = $1 LIMIT 1[0m  [["email", "charles.d.michaels@gmail.com"]]
  [1m[35mUser Load (0.3ms)[0m  SELECT  "users".* FROM "users" WHERE "users"."referral_code" IS NULL LIMIT 1
  [1m[36m (0.1ms)[0m  [1mBEGIN[0m
  [1m[35mUser Exists (0.3ms)[0m  SELECT  1 AS one FROM "users" WHERE "users"."email" = 'charles.d.michaels@gmail.com' LIMIT 1
  [1m[36mUser Exists (0.2ms)[0m  [1mSELECT  1 AS one FROM "users" WHERE "users"."referral_code" IS NULL LIMIT 1[0m
  [1m[35mUser Load (0.1ms)[0m  SELECT  "users".* FROM "users" WHERE "users"."referral_code" = $1 LIMIT 1  [["referral_code", "bf7fdc4cf5"]]
  [1m[36mSQL (6.9ms)[0m  [1mINSERT INTO "users" ("email", "created_at", "updated_at", "referral_code") VALUES ($1, $2, $3, $4) RETURNING "id"[0m  [["email", "charles.d.michaels@gmail.com"], ["created_at", "2015-03-28 00:51:39.478144"], ["updated_at", "2015-03-28 00:51:39.478144"], ["referral_code", "bf7fdc4cf5"]]
  [1m[35m (26.3ms)[0m  COMMIT
  Rendered user_mailer/signup_email.html.erb (0.5ms)
  Rendered user_mailer/signup_email.text.erb (0.3ms)

UserMailer#signup_email: processed outbound mail in 198.4ms

Sent mail to charles.d.michaels@gmail.com (62.0ms)
Date: Fri, 27 Mar 2015 20:51:39 -0400
From: Referable <no-reply@referable.com>
To: charles.d.michaels@gmail.com
Message-ID: <5515fb1bb7c71_10bfe3fe82c8b53548714c@WLRN-MACBOOK-PRO-012.local.mail>
Subject: Thanks for signing up!
Mime-Version: 1.0
Content-Type: multipart/alternative;
 boundary="--==_mimepart_5515fb1bb59ca_10bfe3fe82c8b5354870d9";
 charset=UTF-8
Content-Transfer-Encoding: 7bit


----==_mimepart_5515fb1bb59ca_10bfe3fe82c8b5354870d9
Content-Type: text/plain;
 charset=UTF-8
Content-Transfer-Encoding: 7bit

Welcome to REFERABLE, charles.d.michaels@gmail.com
===============================================
 
Share this link: 

https://polar-depths-6110.herokuapp.com/?ref=bf7fdc4cf5.
 
Thanks for joining and have a great day!
----==_mimepart_5515fb1bb59ca_10bfe3fe82c8b5354870d9
Content-Type: text/html;
 charset=UTF-8
Content-Transfer-Encoding: 7bit

<!DOCTYPE html>
<html>
  <head>
    <meta content='text/html; charset=UTF-8' http-equiv='Content-Type' />
  </head>
  <body>
    <h1>Welcome to REFERABLE, charles.d.michaels@gmail.com</h1>
    
    <p>
      Share this link: https://polar-depths-6110.herokuapp.com/?ref=bf7fdc4cf5.
    </p>
    <p>Thanks for joining and have a great day!</p>
  </body>
</html>
----==_mimepart_5515fb1bb59ca_10bfe3fe82c8b5354870d9--

Redirected to http://localhost:3000/users/refer
Completed 302 Found in 347ms (ActiveRecord: 34.4ms)


Started GET "/users/refer" for ::1 at 2015-03-27 20:51:39 -0400
Processing by UsersController#refer as HTML
  [1m[36mUser Load (0.2ms)[0m  [1mSELECT  "users".* FROM "users" WHERE "users"."email" = $1 LIMIT 1[0m  [["email", "charles.d.michaels@gmail.com"]]
  [1m[35m (0.2ms)[0m  SELECT COUNT(*) FROM "users" WHERE "users"."referrer_id" = $1  [["referrer_id", 1]]
  Rendered users/refer.html.erb within layouts/application (26.7ms)
Completed 200 OK in 83ms (Views: 81.8ms | ActiveRecord: 0.4ms)


Started GET "/assets/application-5266d2988799ecc8fe6e81eaab412e7d.css?body=1" for ::1 at 2015-03-27 20:51:39 -0400


Started GET "/assets/users-64e62ddc273c2f5847f30d698ca14b67.css?body=1" for ::1 at 2015-03-27 20:51:39 -0400


Started GET "/assets/jquery_ujs-e27bd20a10d28155845a22d71ef94f2f.js?body=1" for ::1 at 2015-03-27 20:51:39 -0400


Started GET "/assets/turbolinks-f87b3583ca50adb0488b031297f5580d.js?body=1" for ::1 at 2015-03-27 20:51:39 -0400


Started GET "/assets/jquery-87424c3c19e96d4fb033c10ebe21ec40.js?body=1" for ::1 at 2015-03-27 20:51:39 -0400


Started GET "/assets/users-fcec5b5a277ac7c20cc9f45a209a3bcd.js?body=1" for ::1 at 2015-03-27 20:51:39 -0400


Started GET "/assets/application-001948a807d6467a657420955d9f0c1c.js?body=1" for ::1 at 2015-03-27 20:51:39 -0400
  [1m[36m (15.3ms)[0m  [1mCREATE TABLE "schema_migrations" ("version" character varying NOT NULL) [0m
  [1m[35m (1.4ms)[0m  CREATE UNIQUE INDEX  "unique_schema_migrations" ON "schema_migrations"  ("version")
  [1m[36mActiveRecord::SchemaMigration Load (2.0ms)[0m  [1mSELECT "schema_migrations".* FROM "schema_migrations"[0m
Migrating to CreateUsers (20150324191541)
  [1m[35m (0.2ms)[0m  BEGIN
  [1m[36m (16.5ms)[0m  [1mCREATE TABLE "users" ("id" serial primary key, "email" character varying, "referral_code" character varying, "referrer_id" integer, "created_at" timestamp NOT NULL, "updated_at" timestamp NOT NULL) [0m
  [1m[35mSQL (0.2ms)[0m  INSERT INTO "schema_migrations" ("version") VALUES ($1)  [["version", "20150324191541"]]
  [1m[36m (5.9ms)[0m  [1mCOMMIT[0m
  [1m[35mActiveRecord::SchemaMigration Load (0.4ms)[0m  SELECT "schema_migrations".* FROM "schema_migrations"
  [1m[36m (2.1ms)[0m  [1mSELECT t2.oid::regclass::text AS to_table, a1.attname AS column, a2.attname AS primary_key, c.conname AS name, c.confupdtype AS on_update, c.confdeltype AS on_delete
FROM pg_constraint c
JOIN pg_class t1 ON c.conrelid = t1.oid
JOIN pg_class t2 ON c.confrelid = t2.oid
JOIN pg_attribute a1 ON a1.attnum = c.conkey[1] AND a1.attrelid = t1.oid
JOIN pg_attribute a2 ON a2.attnum = c.confkey[1] AND a2.attrelid = t2.oid
JOIN pg_namespace t3 ON c.connamespace = t3.oid
WHERE c.contype = 'f'
  AND t1.relname = 'users'
  AND t3.nspname = ANY (current_schemas(false))
ORDER BY c.conname
[0m
  [1m[36mUser Load (2.4ms)[0m  [1mSELECT "users".* FROM "users"[0m
  [1m[36mActiveRecord::SchemaMigration Load (2.8ms)[0m  [1mSELECT "schema_migrations".* FROM "schema_migrations"[0m
  [1m[35mActiveRecord::SchemaMigration Load (0.1ms)[0m  SELECT "schema_migrations".* FROM "schema_migrations"
  [1m[36m (2.2ms)[0m  [1mSELECT t2.oid::regclass::text AS to_table, a1.attname AS column, a2.attname AS primary_key, c.conname AS name, c.confupdtype AS on_update, c.confdeltype AS on_delete
FROM pg_constraint c
JOIN pg_class t1 ON c.conrelid = t1.oid
JOIN pg_class t2 ON c.confrelid = t2.oid
JOIN pg_attribute a1 ON a1.attnum = c.conkey[1] AND a1.attrelid = t1.oid
JOIN pg_attribute a2 ON a2.attnum = c.confkey[1] AND a2.attrelid = t2.oid
JOIN pg_namespace t3 ON c.connamespace = t3.oid
WHERE c.contype = 'f'
  AND t1.relname = 'users'
  AND t3.nspname = ANY (current_schemas(false))
ORDER BY c.conname
[0m
